INFO    : Since no target was supplied, we will use "web".

INFO    : Building target web
INFO    : XSL conversion of C:\Users\sbagley\Documents\GitHub\tiny-sandbox\source\main.ptx by C:\Users\sbagley\.ptx\2.20.0\core\xsl\utilities\pretext-enhanced-source.xsl
INFO    : successful application of C:\Users\sbagley\.ptx\2.20.0\core\xsl\utilities\pretext-enhanced-source.xsl
INFO    : Generating any needed assets.
INFO    : Finished generating assets.

INFO    : Preparing to build into C:\Users\sbagley\Documents\GitHub\tiny-sandbox\output\web.
INFO    : discovering source file's directory name: C:\Users\sbagley\Documents\GitHub\tiny-sandbox\source
INFO    : verifying and expanding input directory: C:\Users\sbagley\Documents\GitHub\tiny-sandbox\source\../generated-assets
INFO    : input directory expanded to absolute path: C:\Users\sbagley\Documents\GitHub\tiny-sandbox\generated-assets
INFO    : verifying and expanding input directory: C:\Users\sbagley\Documents\GitHub\tiny-sandbox\source\../assets
INFO    : input directory expanded to absolute path: C:\Users\sbagley\Documents\GitHub\tiny-sandbox\assets
INFO    : XSL conversion of C:\Users\sbagley\Documents\GitHub\tiny-sandbox\source\main.ptx by C:\Users\sbagley\.ptx\2.20.0\core\xsl\utilities\report-publisher-variables.xsl
INFO    : successful application of C:\Users\sbagley\.ptx\2.20.0\core\xsl\utilities\report-publisher-variables.xsl
INFO    : Downloading rs services file from https://runestone.academy/cdn/runestone/latest/webpack_static_imports.xml.
INFO    : Runestone Services via online CDN query: version 7.8.4
INFO    : Downloading Runestone Services, version 7.8.4
INFO    : Extracting Runestone Services from archive file
INFO    : Building custom css theme: theme-default-modern
INFO    : converting C:\Users\sbagley\Documents\GitHub\tiny-sandbox\source\main.ptx to HTML in C:\Users\sbagley\AppData\Local\Temp\ptx-0sjlzakn
INFO    : XSL conversion of C:\Users\sbagley\Documents\GitHub\tiny-sandbox\source\main.ptx by C:\Users\sbagley\.ptx\2.20.0\core\xsl\pretext-html.xsl
INFO    : messages from the log for XSL processing:
INFO    : * PTX:INFO:   checking ONLY the last TWO YEARS of element deprecations.
Rerun with the string parameter "author.deprecations.all" set to "yes" to check your source against all deprecations.
INFO    : successful application of C:\Users\sbagley\.ptx\2.20.0\core\xsl\pretext-html.xsl
INFO    : Removing temporary directory C:\Users\sbagley\AppData\Local\Temp\ptx-0sjlzakn
INFO    : Removing temporary directory C:\Users\sbagley\AppData\Local\Temp\ptx-246ij15c
INFO    : 
Success! Run `pretext view web` to see the results.

INFO    : 
